Flow report for UnAmiga_MIST_AGA
Tue Apr 30 09:56:55 2019
Quartus Prime Version 17.1.0 Build 590 10/25/2017 SJ Lite Edition


---------------------
; Table of Contents ;
---------------------
  1. Legal Notice
  2. Flow Summary
  3. Flow Settings
  4. Flow Non-Default Global Settings
  5. Flow Elapsed Time
  6. Flow OS Summary
  7. Flow Log
  8. Flow Messages
  9. Flow Suppressed Messages



----------------
; Legal Notice ;
----------------
Copyright (C) 2017  Intel Corporation. All rights reserved.
Your use of Intel Corporation's design tools, logic functions 
and other software and tools, and its AMPP partner logic 
functions, and any output files from any of the foregoing 
(including device programming or simulation files), and any 
associated documentation or information are expressly subject 
to the terms and conditions of the Intel Program License 
Subscription Agreement, the Intel Quartus Prime License Agreement,
the Intel FPGA IP License Agreement, or other applicable license
agreement, including, without limitation, that your use is for
the sole purpose of programming logic devices manufactured by
Intel and sold by Intel or its authorized distributors.  Please
refer to the applicable agreement for further details.



+----------------------------------------------------------------------------------+
; Flow Summary                                                                     ;
+------------------------------------+---------------------------------------------+
; Flow Status                        ; Successful - Tue Apr 30 09:55:58 2019       ;
; Quartus Prime Version              ; 17.1.0 Build 590 10/25/2017 SJ Lite Edition ;
; Revision Name                      ; UnAmiga_MIST_AGA                            ;
; Top-level Entity Name              ; UnAmiga_MIST_AGA_top                        ;
; Family                             ; Cyclone IV E                                ;
; Device                             ; EP4CE22F17C8                                ;
; Timing Models                      ; Final                                       ;
; Total logic elements               ; 21,537 / 22,320 ( 96 % )                    ;
;     Total combinational functions  ; 18,659 / 22,320 ( 84 % )                    ;
;     Dedicated logic registers      ; 11,007 / 22,320 ( 49 % )                    ;
; Total registers                    ; 11007                                       ;
; Total pins                         ; 90 / 154 ( 58 % )                           ;
; Total virtual pins                 ; 0                                           ;
; Total memory bits                  ; 291,968 / 608,256 ( 48 % )                  ;
; Embedded Multiplier 9-bit elements ; 16 / 132 ( 12 % )                           ;
; Total PLLs                         ; 2 / 4 ( 50 % )                              ;
+------------------------------------+---------------------------------------------+


+-----------------------------------------+
; Flow Settings                           ;
+-------------------+---------------------+
; Option            ; Setting             ;
+-------------------+---------------------+
; Start date & time ; 04/30/2019 09:30:43 ;
; Main task         ; Compilation         ;
; Revision Name     ; UnAmiga_MIST_AGA    ;
+-------------------+---------------------+


+-----------------------------------------------------------------------------------------------------------------------------------------+
; Flow Non-Default Global Settings                                                                                                        ;
+-----------------------------------------+----------------------------------------+------------------+----------------------+------------+
; Assignment Name                         ; Value                                  ; Default Value    ; Entity Name          ; Section Id ;
+-----------------------------------------+----------------------------------------+------------------+----------------------+------------+
; ALLOW_POWER_UP_DONT_CARE                ; Off                                    ; On               ; --                   ; --         ;
; COMPILER_SIGNATURE_ID                   ; 132235441421850.155660944205832        ; --               ; --                   ; --         ;
; ENABLE_SIGNALTAP                        ; Off                                    ; --               ; --                   ; --         ;
; FMAX_REQUIREMENT                        ; 114 MHz                                ; --               ; --                   ; --         ;
; MAX_CORE_JUNCTION_TEMP                  ; 85                                     ; --               ; --                   ; --         ;
; MIN_CORE_JUNCTION_TEMP                  ; 0                                      ; --               ; --                   ; --         ;
; NUM_PARALLEL_PROCESSORS                 ; All                                    ; --               ; --                   ; --         ;
; OUTPUT_IO_TIMING_FAR_END_VMEAS          ; Half Signal Swing                      ; --               ; --                   ; --         ;
; OUTPUT_IO_TIMING_FAR_END_VMEAS          ; Half Signal Swing                      ; --               ; --                   ; --         ;
; OUTPUT_IO_TIMING_NEAR_END_VMEAS         ; Half Vccio                             ; --               ; --                   ; --         ;
; OUTPUT_IO_TIMING_NEAR_END_VMEAS         ; Half Vccio                             ; --               ; --                   ; --         ;
; PARTITION_COLOR                         ; -- (Not supported for targeted family) ; --               ; UnAmiga_MIST_AGA_top ; Top        ;
; PARTITION_FITTER_PRESERVATION_LEVEL     ; -- (Not supported for targeted family) ; --               ; UnAmiga_MIST_AGA_top ; Top        ;
; PARTITION_NETLIST_TYPE                  ; -- (Not supported for targeted family) ; --               ; UnAmiga_MIST_AGA_top ; Top        ;
; PHYSICAL_SYNTHESIS_REGISTER_DUPLICATION ; On                                     ; Off              ; --                   ; --         ;
; PLACEMENT_EFFORT_MULTIPLIER             ; 4.0                                    ; 1.0              ; --                   ; --         ;
; POWER_BOARD_THERMAL_MODEL               ; None (CONSERVATIVE)                    ; --               ; --                   ; --         ;
; POWER_PRESET_COOLING_SOLUTION           ; No Heat Sink With Still Air            ; --               ; --                   ; --         ;
; PROJECT_OUTPUT_DIRECTORY                ; out                                    ; --               ; --                   ; --         ;
; ROUTER_EFFORT_MULTIPLIER                ; 4.0                                    ; 1.0              ; --                   ; --         ;
; SMART_RECOMPILE                         ; On                                     ; Off              ; --                   ; --         ;
; SYNTH_TIMING_DRIVEN_SYNTHESIS           ; Off                                    ; On               ; --                   ; --         ;
; TCO_REQUIREMENT                         ; 2 ns                                   ; --               ; --                   ; --         ;
; TOP_LEVEL_ENTITY                        ; UnAmiga_MIST_AGA_top                   ; UnAmiga_MIST_AGA ; --                   ; --         ;
; TPD_REQUIREMENT                         ; 2 ns                                   ; --               ; --                   ; --         ;
; TSU_REQUIREMENT                         ; 2 ns                                   ; --               ; --                   ; --         ;
; USE_GENERATED_PHYSICAL_CONSTRAINTS      ; Off                                    ; --               ; --                   ; eda_palace ;
+-----------------------------------------+----------------------------------------+------------------+----------------------+------------+


+-------------------------------------------------------------------------------------------------------------------------------+
; Flow Elapsed Time                                                                                                             ;
+---------------------------+--------------+-------------------------+---------------------+------------------------------------+
; Module Name               ; Elapsed Time ; Average Processors Used ; Peak Virtual Memory ; Total CPU Time (on all processors) ;
+---------------------------+--------------+-------------------------+---------------------+------------------------------------+
; Analysis & Synthesis      ; 00:05:18     ; 1.0                     ; 860 MB              ; 00:05:24                           ;
; Fitter                    ; 00:19:27     ; 1.0                     ; 1390 MB             ; 00:22:33                           ;
; Assembler                 ; 00:00:08     ; 1.0                     ; 605 MB              ; 00:00:06                           ;
; TimeQuest Timing Analyzer ; 00:00:55     ; 1.4                     ; 888 MB              ; 00:00:55                           ;
; Total                     ; 00:25:48     ; --                      ; --                  ; 00:28:58                           ;
+---------------------------+--------------+-------------------------+---------------------+------------------------------------+


+----------------------------------------------------------------------------------------+
; Flow OS Summary                                                                        ;
+---------------------------+------------------+-----------+------------+----------------+
; Module Name               ; Machine Hostname ; OS Name   ; OS Version ; Processor type ;
+---------------------------+------------------+-----------+------------+----------------+
; Analysis & Synthesis      ; W7-PC            ; Windows 7 ; 6.1        ; x86_64         ;
; Fitter                    ; W7-PC            ; Windows 7 ; 6.1        ; x86_64         ;
; Assembler                 ; W7-PC            ; Windows 7 ; 6.1        ; x86_64         ;
; TimeQuest Timing Analyzer ; W7-PC            ; Windows 7 ; 6.1        ; x86_64         ;
+---------------------------+------------------+-----------+------------+----------------+


------------
; Flow Log ;
------------
quartus_map --read_settings_files=on --write_settings_files=off UnAmiga_MIST_AGA -c UnAmiga_MIST_AGA
quartus_fit --read_settings_files=off --write_settings_files=off UnAmiga_MIST_AGA -c UnAmiga_MIST_AGA
quartus_asm --read_settings_files=off --write_settings_files=off UnAmiga_MIST_AGA -c UnAmiga_MIST_AGA
quartus_sta UnAmiga_MIST_AGA -c UnAmiga_MIST_AGA



